<?xml version="1.0" encoding="UTF-8"?>
<!-- Generated by org.testng.reporters.JUnitXMLReporter -->
<testsuite hostname="vahan-HP-Laptop-15-bs0xx" ignored="3" name="Surefire test" tests="2" failures="0" timestamp="13 Nov 2018 20:16:19 GMT" time="20.541" errors="0">
  <testcase name="verifySubcategories" time="2.415" classname="tests.DressesPageTest"/>
  <testcase name="verifyTitle" time="0.007" classname="tests.MainPageTest"/>
  <testcase name="verifyPopularDresses" time="0.0" classname="tests.DressesPageTest">
    <ignored/>
  </testcase> <!-- verifyPopularDresses -->
  <testcase name="verifyMainPageHeader" time="0.0" classname="tests.MainPageTest">
    <ignored/>
  </testcase> <!-- verifyMainPageHeader -->
  <testcase name="verifyMainPageFooter" time="0.0" classname="tests.MainPageTest">
    <ignored/>
  </testcase> <!-- verifyMainPageFooter -->
</testsuite> <!-- Surefire test -->
