<?xml version="1.0" encoding="UTF-8"?>
<testng-results skipped="0" failed="0" ignored="3" total="5" passed="2">
  <reporter-output>
  </reporter-output>
  <suite name="Surefire suite" duration-ms="20541" started-at="2018-11-13T20:15:58Z" finished-at="2018-11-13T20:16:19Z">
    <groups>
      <group name="smoke">
        <method signature="DressesPageTest.verifySubcategories()[pri:0, instance:tests.DressesPageTest@3d24753a]" name="verifySubcategories" class="tests.DressesPageTest"/>
        <method signature="MainPageTest.verifyTitle()[pri:0, instance:tests.MainPageTest@59a6e353]" name="verifyTitle" class="tests.MainPageTest"/>
      </group> <!-- smoke -->
    </groups>
    <test name="Surefire test" duration-ms="20541" started-at="2018-11-13T20:15:58Z" finished-at="2018-11-13T20:16:19Z">
      <class name="tests.MainPageTest">
        <test-method status="PASS" signature="setupTest()[pri:0, instance:tests.MainPageTest@59a6e353]" name="setupTest" is-config="true" duration-ms="8930" started-at="2018-11-13T20:16:10Z" finished-at="2018-11-13T20:16:19Z">
          <reporter-output>
          </reporter-output>
        </test-method> <!-- setupTest -->
        <test-method status="PASS" signature="verifyTitle()[pri:0, instance:tests.MainPageTest@59a6e353]" name="verifyTitle" duration-ms="7" started-at="2018-11-13T20:16:19Z" finished-at="2018-11-13T20:16:19Z">
          <reporter-output>
          </reporter-output>
        </test-method> <!-- verifyTitle -->
        <test-method status="PASS" signature="tearDownTest()[pri:0, instance:tests.MainPageTest@59a6e353]" name="tearDownTest" is-config="true" duration-ms="70" started-at="2018-11-13T20:16:19Z" finished-at="2018-11-13T20:16:19Z">
          <reporter-output>
          </reporter-output>
        </test-method> <!-- tearDownTest -->
      </class> <!-- tests.MainPageTest -->
      <class name="tests.DressesPageTest">
        <test-method status="PASS" signature="setupTest()[pri:0, instance:tests.DressesPageTest@3d24753a]" name="setupTest" is-config="true" duration-ms="9019" started-at="2018-11-13T20:15:58Z" finished-at="2018-11-13T20:16:07Z">
          <reporter-output>
          </reporter-output>
        </test-method> <!-- setupTest -->
        <test-method status="PASS" signature="verifySubcategories()[pri:0, instance:tests.DressesPageTest@3d24753a]" name="verifySubcategories" duration-ms="2415" started-at="2018-11-13T20:16:07Z" finished-at="2018-11-13T20:16:10Z">
          <reporter-output>
          </reporter-output>
        </test-method> <!-- verifySubcategories -->
        <test-method status="PASS" signature="tearDownTest()[pri:0, instance:tests.DressesPageTest@3d24753a]" name="tearDownTest" is-config="true" duration-ms="82" started-at="2018-11-13T20:16:10Z" finished-at="2018-11-13T20:16:10Z">
          <reporter-output>
          </reporter-output>
        </test-method> <!-- tearDownTest -->
      </class> <!-- tests.DressesPageTest -->
    </test> <!-- Surefire test -->
  </suite> <!-- Surefire suite -->
</testng-results>
