<?xml version="1.0" encoding="UTF-8"?>
<testng-results skipped="0" failed="0" ignored="3" total="5" passed="2">
  <reporter-output>
  </reporter-output>
  <suite name="Surefire suite" duration-ms="18980" started-at="2018-11-13T21:29:49Z" finished-at="2018-11-13T21:30:08Z">
    <groups>
      <group name="smoke">
        <method signature="DressesPageTest.verifySubcategories()[pri:0, instance:tests.DressesPageTest@7a0ac6e3]" name="verifySubcategories" class="tests.DressesPageTest"/>
        <method signature="MainPageTest.verifyTitle()[pri:0, instance:tests.MainPageTest@71be98f5]" name="verifyTitle" class="tests.MainPageTest"/>
      </group> <!-- smoke -->
    </groups>
    <test name="Surefire test" duration-ms="18980" started-at="2018-11-13T21:29:49Z" finished-at="2018-11-13T21:30:08Z">
      <class name="tests.MainPageTest">
        <test-method status="PASS" signature="setupTestBeforeClass()[pri:0, instance:tests.MainPageTest@71be98f5]" name="setupTestBeforeClass" is-config="true" duration-ms="456" started-at="2018-11-13T21:30:02Z" finished-at="2018-11-13T21:30:02Z">
          <reporter-output>
          </reporter-output>
        </test-method> <!-- setupTestBeforeClass -->
        <test-method status="PASS" signature="setupTestBeforeMethod()[pri:0, instance:tests.MainPageTest@71be98f5]" name="setupTestBeforeMethod" is-config="true" duration-ms="5851" started-at="2018-11-13T21:30:02Z" finished-at="2018-11-13T21:30:08Z">
          <reporter-output>
          </reporter-output>
        </test-method> <!-- setupTestBeforeMethod -->
        <test-method status="PASS" signature="verifyTitle()[pri:0, instance:tests.MainPageTest@71be98f5]" name="verifyTitle" duration-ms="5" started-at="2018-11-13T21:30:08Z" finished-at="2018-11-13T21:30:08Z">
          <reporter-output>
          </reporter-output>
        </test-method> <!-- verifyTitle -->
        <test-method status="PASS" signature="tearDownTestAfterMethod()[pri:0, instance:tests.MainPageTest@71be98f5]" name="tearDownTestAfterMethod" is-config="true" duration-ms="80" started-at="2018-11-13T21:30:08Z" finished-at="2018-11-13T21:30:08Z">
          <reporter-output>
          </reporter-output>
        </test-method> <!-- tearDownTestAfterMethod -->
        <test-method status="PASS" signature="tearDownTestAfterClass()[pri:0, instance:tests.MainPageTest@71be98f5]" name="tearDownTestAfterClass" is-config="true" duration-ms="0" started-at="2018-11-13T21:30:08Z" finished-at="2018-11-13T21:30:08Z">
          <reporter-output>
          </reporter-output>
        </test-method> <!-- tearDownTestAfterClass -->
      </class> <!-- tests.MainPageTest -->
      <class name="tests.DressesPageTest">
        <test-method status="PASS" signature="setupTestBeforeClass()[pri:0, instance:tests.DressesPageTest@7a0ac6e3]" name="setupTestBeforeClass" is-config="true" duration-ms="1187" started-at="2018-11-13T21:29:49Z" finished-at="2018-11-13T21:29:50Z">
          <reporter-output>
          </reporter-output>
        </test-method> <!-- setupTestBeforeClass -->
        <test-method status="PASS" signature="setupTestBeforeMethod()[pri:0, instance:tests.DressesPageTest@7a0ac6e3]" name="setupTestBeforeMethod" is-config="true" duration-ms="8644" started-at="2018-11-13T21:29:50Z" finished-at="2018-11-13T21:29:59Z">
          <reporter-output>
          </reporter-output>
        </test-method> <!-- setupTestBeforeMethod -->
        <test-method status="PASS" signature="verifySubcategories()[pri:0, instance:tests.DressesPageTest@7a0ac6e3]" name="verifySubcategories" duration-ms="2666" started-at="2018-11-13T21:29:59Z" finished-at="2018-11-13T21:30:02Z">
          <reporter-output>
          </reporter-output>
        </test-method> <!-- verifySubcategories -->
        <test-method status="PASS" signature="tearDownTestAfterMethod()[pri:0, instance:tests.DressesPageTest@7a0ac6e3]" name="tearDownTestAfterMethod" is-config="true" duration-ms="74" started-at="2018-11-13T21:30:02Z" finished-at="2018-11-13T21:30:02Z">
          <reporter-output>
          </reporter-output>
        </test-method> <!-- tearDownTestAfterMethod -->
        <test-method status="PASS" signature="tearDownTestAfterClass()[pri:0, instance:tests.DressesPageTest@7a0ac6e3]" name="tearDownTestAfterClass" is-config="true" duration-ms="0" started-at="2018-11-13T21:30:02Z" finished-at="2018-11-13T21:30:02Z">
          <reporter-output>
          </reporter-output>
        </test-method> <!-- tearDownTestAfterClass -->
      </class> <!-- tests.DressesPageTest -->
    </test> <!-- Surefire test -->
  </suite> <!-- Surefire suite -->
</testng-results>
